test2.obj : error LNK2005: main 已经在 test.obj 中定义
E:\C C++ Files\cplusplus\C++_My_String_2025_10_10\x64\Debug\C++_My_String_2025_10_10.exe : fatal error LNK1169: 找到一个或多个多重定义的符号
